ERROR - 2024-03-23 02:35:17 --> Error connecting to the database: mysqli_sql_exception: No connection could be made because the target machine actively refused it in C:\lelang\system\Database\MySQLi\Connection.php:185
Stack trace:
#0 C:\lelang\system\Database\MySQLi\Connection.php(185): mysqli->real_connect('localhost', 'root', '', 'lelang', 3306, '', 0)
#1 C:\lelang\system\Database\BaseConnection.php(391): CodeIgniter\Database\MySQLi\Connection->connect(false)
#2 C:\lelang\system\Database\BaseConnection.php(574): CodeIgniter\Database\BaseConnection->initialize()
#3 C:\lelang\system\Database\BaseBuilder.php(1748): CodeIgniter\Database\BaseConnection->query('SELECT *\nFROM `...', Array, false)
#4 C:\lelang\app\Models\Gudang.php(49): CodeIgniter\Database\BaseBuilder->getWhere(Array)
#5 C:\lelang\app\Controllers\Home.php(595): App\Models\Gudang->getWhere('tb_admin', Array)
#6 C:\lelang\system\CodeIgniter.php(919): App\Controllers\Home->aksi_login()
#7 C:\lelang\system\CodeIgniter.php(494): CodeIgniter\CodeIgniter->runController(Object(App\Controllers\Home))
#8 C:\lelang\system\CodeIgniter.php(353): CodeIgniter\CodeIgniter->handleRequest(NULL, Object(Config\Cache), false)
#9 C:\lelang\public\index.php(79): CodeIgniter\CodeIgniter->run()
#10 C:\lelang\system\Commands\Server\rewrite.php(47): require_once('C:\\lelang\\publi...')
#11 {main}

Next CodeIgniter\Database\Exceptions\DatabaseException: No connection could be made because the target machine actively refused it in C:\lelang\system\Database\MySQLi\Connection.php:229
Stack trace:
#0 C:\lelang\system\Database\BaseConnection.php(391): CodeIgniter\Database\MySQLi\Connection->connect(false)
#1 C:\lelang\system\Database\BaseConnection.php(574): CodeIgniter\Database\BaseConnection->initialize()
#2 C:\lelang\system\Database\BaseBuilder.php(1748): CodeIgniter\Database\BaseConnection->query('SELECT *\nFROM `...', Array, false)
#3 C:\lelang\app\Models\Gudang.php(49): CodeIgniter\Database\BaseBuilder->getWhere(Array)
#4 C:\lelang\app\Controllers\Home.php(595): App\Models\Gudang->getWhere('tb_admin', Array)
#5 C:\lelang\system\CodeIgniter.php(919): App\Controllers\Home->aksi_login()
#6 C:\lelang\system\CodeIgniter.php(494): CodeIgniter\CodeIgniter->runController(Object(App\Controllers\Home))
#7 C:\lelang\system\CodeIgniter.php(353): CodeIgniter\CodeIgniter->handleRequest(NULL, Object(Config\Cache), false)
#8 C:\lelang\public\index.php(79): CodeIgniter\CodeIgniter->run()
#9 C:\lelang\system\Commands\Server\rewrite.php(47): require_once('C:\\lelang\\publi...')
#10 {main}
CRITICAL - 2024-03-23 02:35:17 --> Unable to connect to the database.
Main connection [MySQLi]: No connection could be made because the target machine actively refused it
in SYSTEMPATH\Database\BaseConnection.php on line 427.
 1 SYSTEMPATH\Database\BaseConnection.php(574): CodeIgniter\Database\BaseConnection->initialize()
 2 SYSTEMPATH\Database\BaseBuilder.php(1748): CodeIgniter\Database\BaseConnection->query('SELECT *
FROM `tb_admin`
WHERE `username` = :username:
AND `password` = :password:', [...], false)
 3 APPPATH\Models\Gudang.php(49): CodeIgniter\Database\BaseBuilder->getWhere([...])
 4 APPPATH\Controllers\Home.php(595): App\Models\Gudang->getWhere('tb_admin', [...])
 5 SYSTEMPATH\CodeIgniter.php(919): App\Controllers\Home->aksi_login()
 6 SYSTEMPATH\CodeIgniter.php(494): CodeIgniter\CodeIgniter->runController(Object(App\Controllers\Home))
 7 SYSTEMPATH\CodeIgniter.php(353): CodeIgniter\CodeIgniter->handleRequest(null, Object(Config\Cache), false)
 8 FCPATH\index.php(79): CodeIgniter\CodeIgniter->run()
 9 SYSTEMPATH\Commands\Server\rewrite.php(47): require_once('C:\\lelang\\public\\index.php')
